<?xml version="1.0" encoding="UTF-8"?>
<robot generator="Robot 3.0.3 (Python 3.6.4 on win32)" generated="20180503 19:38:19.394">
<suite id="s1" name="Test" source="C:\Users\sanna\Documents\GitHub\robot-selenium-tests\google-search\test.robot">
<kw name="Go to homepage" type="setup">
<kw name="Open Browser" library="SeleniumLibrary">
<doc>Opens a new browser instance to the given ``url``.</doc>
<arguments>
<arg>${HOMEPAGE}</arg>
<arg>${BROWSER}</arg>
</arguments>
<msg timestamp="20180503 19:38:19.897" level="INFO">Opening browser 'firefox' to base url 'http://www.google.fi'.</msg>
<status status="PASS" starttime="20180503 19:38:19.897" endtime="20180503 19:38:34.103"></status>
</kw>
<status status="PASS" starttime="20180503 19:38:19.897" endtime="20180503 19:38:34.118"></status>
</kw>
<test id="s1-t1" name="Google search &quot;ketky&quot; and find Ketky homepage in the results">
<kw name="Google and check results">
<arguments>
<arg>ketky</arg>
<arg>Ketky: Etusivu</arg>
</arguments>
<kw name="Input Text" library="SeleniumLibrary">
<doc>Types the given ``text`` into text field identified by ``locator``.</doc>
<arguments>
<arg>id:lst-ib</arg>
<arg>${searchkey}</arg>
</arguments>
<msg timestamp="20180503 19:38:34.118" level="INFO">Typing text 'ketky' into text field 'id:lst-ib'.</msg>
<status status="PASS" starttime="20180503 19:38:34.118" endtime="20180503 19:38:34.337"></status>
</kw>
<kw name="Press Key" library="SeleniumLibrary">
<doc>Simulates user pressing key on element identified by ``locator``.</doc>
<arguments>
<arg>id:lst-ib</arg>
<arg>\\13</arg>
</arguments>
<status status="PASS" starttime="20180503 19:38:34.337" endtime="20180503 19:38:34.446"></status>
</kw>
<kw name="Wait Until Page Contains" library="SeleniumLibrary">
<doc>Waits until ``text`` appears on current page.</doc>
<arguments>
<arg>${result}</arg>
</arguments>
<status status="PASS" starttime="20180503 19:38:34.462" endtime="20180503 19:38:35.026"></status>
</kw>
<status status="PASS" starttime="20180503 19:38:34.118" endtime="20180503 19:38:35.026"></status>
</kw>
<status status="PASS" starttime="20180503 19:38:34.118" endtime="20180503 19:38:35.026" critical="yes"></status>
</test>
<kw name="Close All Browsers" library="SeleniumLibrary" type="teardown">
<doc>Closes all open browsers and resets the browser cache.</doc>
<status status="PASS" starttime="20180503 19:38:35.041" endtime="20180503 19:38:37.707"></status>
</kw>
<doc>Simple experiment with Google search using Robot Framework 3.0.3 and SeleniumLibrary 3.1.1.</doc>
<status status="PASS" starttime="20180503 19:38:19.409" endtime="20180503 19:38:37.707"></status>
</suite>
<statistics>
<total>
<stat pass="1" fail="0">Critical Tests</stat>
<stat pass="1" fail="0">All Tests</stat>
</total>
<tag>
</tag>
<suite>
<stat pass="1" fail="0" id="s1" name="Test">Test</stat>
</suite>
</statistics>
<errors>
</errors>
</robot>
